net0 198
begin
1 47 5 47
5 47 5 61
5 61 12 61
12 61 12 71
12 71 17 71
17 71 17 77
17 77 31 77
31 77 31 76
31 76 36 76
36 76 36 41
36 41 37 41
37 41 37 32
37 32 36 32
36 32 36 31
36 31 34 31
34 31 34 30
34 30 32 30
32 30 32 24
32 24 29 24
29 24 29 19
29 19 25 19
25 19 25 14
25 14 23 14
23 14 23 13
23 13 9 13
9 13 9 12
9 12 2 12
2 12 2 16
2 16 3 16
3 16 3 19
3 19 6 19
6 19 6 23
6 23 8 23
8 23 8 24
8 24 10 24
10 24 10 25
10 25 11 25
11 25 11 26
11 26 12 26
12 26 12 29
12 29 17 29
17 29 17 30
end
net1 44
begin
14 10 14 12
14 12 37 12
37 12 37 13
37 13 40 13
40 13 40 14
40 14 41 14
41 14 41 24
41 24 45 24
end
net2 52
begin
35 32 33 32
33 32 33 31
33 31 31 31
31 31 31 25
31 25 28 25
28 25 28 20
28 20 24 20
24 20 24 15
24 15 22 15
22 15 22 14
22 14 8 14
8 14 8 13
8 13 3 13
3 13 3 15
end
net3 18
begin
21 46 21 45
21 45 22 45
22 45 22 44
22 44 23 44
23 44 23 41
23 41 35 41
end
