net0 17
begin
4 14 5 14
5 14 5 15
5 15 10 15
10 15 10 14
10 14 11 14
11 14 11 10
11 10 12 10
12 10 12 9
12 9 13 9
13 9 13 7
end
net1 15
begin
6 14 8 14
8 14 8 11
8 11 7 11
7 11 7 10
7 10 6 10
6 10 6 8
6 8 5 8
5 8 5 7
5 7 4 7
4 7 4 4
end
net2 27
begin
10 7 6 7
6 7 6 5
6 5 5 5
5 5 5 3
5 3 4 3
4 3 4 2
4 2 1 2
1 2 1 8
1 8 3 8
3 8 3 9
3 9 5 9
5 9 5 11
5 11 6 11
end
net3 30
begin
13 5 13 6
13 6 14 6
14 6 14 10
14 10 13 10
13 10 13 11
13 11 12 11
12 11 12 15
12 15 11 15
11 15 11 16
11 16 4 16
4 16 4 15
4 15 3 15
3 15 3 14
3 14 2 14
2 14 2 11
2 11 4 11
end
